# JRE version: Java(TM) SE Runtime Environment (8.0_161-b12) (build 1.8.0_161-b12)
# Java VM: Java HotSpot(TM) 64-Bit Server VM (25.161-b12 mixed mode windows-amd64 compressed oops)
Heap:
 PSYoungGen      total 181760K, used 37729K [0x00000000d6180000, 0x00000000e1d80000, 0x0000000100000000)
  eden space 172032K, 16% used [0x00000000d6180000,0x00000000d7cddc70,0x00000000e0980000)
  from space 9728K, 99% used [0x00000000e1400000,0x00000000e1d7ab08,0x00000000e1d80000)
  to   space 10240K, 0% used [0x00000000e0980000,0x00000000e0980000,0x00000000e1380000)
 ParOldGen       total 97792K, used 24000K [0x0000000082400000, 0x0000000088380000, 0x00000000d6180000)
  object space 97792K, 24% used [0x0000000082400000,0x0000000083b702c8,0x0000000088380000)
 Metaspace       used 54557K, capacity 57162K, committed 57392K, reserved 1099776K
  class space    used 6749K, capacity 7212K, committed 7216K, reserved 1048576K
GC Heap History (10 events):
Event: 9.893 GC heap before
{Heap before GC invocations=16 (full 2):
 PSYoungGen      total 147456K, used 147437K [0x00000000d6180000, 0x00000000e1d80000, 0x0000000100000000)
  eden space 138752K, 100% used [0x00000000d6180000,0x00000000de900000,0x00000000de900000)
  from space 8704K, 99% used [0x00000000de900000,0x00000000df17b6c0,0x00000000df180000)
  to   space 9728K, 0% used [0x00000000e1400000,0x00000000e1400000,0x00000000e1d80000)
 ParOldGen       total 97792K, used 15276K [0x0000000082400000, 0x0000000088380000, 0x00000000d6180000)
  object space 97792K, 15% used [0x0000000082400000,0x00000000832eb248,0x0000000088380000)
 Metaspace       used 42578K, capacity 44346K, committed 44464K, reserved 1087488K
  class space    used 5346K, capacity 5724K, committed 5808K, reserved 1048576K
Event: 9.899 GC heap after
Heap after GC invocations=16 (full 2):
 PSYoungGen      total 181760K, used 7915K [0x00000000d6180000, 0x00000000e1d80000, 0x0000000100000000)
  eden space 172032K, 0% used [0x00000000d6180000,0x00000000d6180000,0x00000000e0980000)
  from space 9728K, 81% used [0x00000000e1400000,0x00000000e1bbaff0,0x00000000e1d80000)
  to   space 10240K, 0% used [0x00000000e0980000,0x00000000e0980000,0x00000000e1380000)
 ParOldGen       total 97792K, used 15284K [0x0000000082400000, 0x0000000088380000, 0x00000000d6180000)
  object space 97792K, 15% used [0x0000000082400000,0x00000000832ed248,0x0000000088380000)
 Metaspace       used 42578K, capacity 44346K, committed 44464K, reserved 1087488K
  class space    used 5346K, capacity 5724K, committed 5808K, reserved 1048576K
}
Event: 10.598 GC heap before
{Heap before GC invocations=17 (full 2):
 PSYoungGen      total 181760K, used 179947K [0x00000000d6180000, 0x00000000e1d80000, 0x0000000100000000)
  eden space 172032K, 100% used [0x00000000d6180000,0x00000000e0980000,0x00000000e0980000)
  from space 9728K, 81% used [0x00000000e1400000,0x00000000e1bbaff0,0x00000000e1d80000)
  to   space 10240K, 0% used [0x00000000e0980000,0x00000000e0980000,0x00000000e1380000)
 ParOldGen       total 97792K, used 15284K [0x0000000082400000, 0x0000000088380000, 0x00000000d6180000)
  object space 97792K, 15% used [0x0000000082400000,0x00000000832ed248,0x0000000088380000)
 Metaspace       used 44828K, capacity 46726K, committed 46768K, reserved 1089536K
  class space    used 5655K, capacity 6044K, committed 6064K, reserved 1048576K
Event: 10.606 GC heap after
Heap after GC invocations=17 (full 2):
 PSYoungGen      total 182272K, used 10076K [0x00000000d6180000, 0x00000000e1d80000, 0x0000000100000000)
  eden space 172032K, 0% used [0x00000000d6180000,0x00000000d6180000,0x00000000e0980000)
  from space 10240K, 98% used [0x00000000e0980000,0x00000000e13571a8,0x00000000e1380000)
  to   space 9728K, 0% used [0x00000000e1400000,0x00000000e1400000,0x00000000e1d80000)
 ParOldGen       total 97792K, used 15292K [0x0000000082400000, 0x0000000088380000, 0x00000000d6180000)
  object space 97792K, 15% used [0x0000000082400000,0x00000000832ef248,0x0000000088380000)
 Metaspace       used 44828K, capacity 46726K, committed 46768K, reserved 1089536K
  class space    used 5655K, capacity 6044K, committed 6064K, reserved 1048576K
}
Event: 11.534 GC heap before
{Heap before GC invocations=18 (full 2):
 PSYoungGen      total 182272K, used 182108K [0x00000000d6180000, 0x00000000e1d80000, 0x0000000100000000)
  eden space 172032K, 100% used [0x00000000d6180000,0x00000000e0980000,0x00000000e0980000)
  from space 10240K, 98% used [0x00000000e0980000,0x00000000e13571a8,0x00000000e1380000)
  to   space 9728K, 0% used [0x00000000e1400000,0x00000000e1400000,0x00000000e1d80000)
 ParOldGen       total 97792K, used 15292K [0x0000000082400000, 0x0000000088380000, 0x00000000d6180000)
  object space 97792K, 15% used [0x0000000082400000,0x00000000832ef248,0x0000000088380000)
 Metaspace       used 48209K, capacity 50642K, committed 50864K, reserved 1093632K
  class space    used 6130K, capacity 6566K, committed 6576K, reserved 1048576K
Event: 11.542 GC heap after
Heap after GC invocations=18 (full 2):
 PSYoungGen      total 181760K, used 9714K [0x00000000d6180000, 0x00000000e1d80000, 0x0000000100000000)
  eden space 172032K, 0% used [0x00000000d6180000,0x00000000d6180000,0x00000000e0980000)
  from space 9728K, 99% used [0x00000000e1400000,0x00000000e1d7ca90,0x00000000e1d80000)
  to   space 10240K, 0% used [0x00000000e0980000,0x00000000e0980000,0x00000000e1380000)
 ParOldGen       total 97792K, used 17262K [0x0000000082400000, 0x0000000088380000, 0x00000000d6180000)
  object space 97792K, 17% used [0x0000000082400000,0x00000000834dbb68,0x0000000088380000)
 Metaspace       used 48209K, capacity 50642K, committed 50864K, reserved 1093632K
  class space    used 6130K, capacity 6566K, committed 6576K, reserved 1048576K
}
Event: 12.086 GC heap before
{Heap before GC invocations=19 (full 2):
 PSYoungGen      total 181760K, used 181746K [0x00000000d6180000, 0x00000000e1d80000, 0x0000000100000000)
  eden space 172032K, 100% used [0x00000000d6180000,0x00000000e0980000,0x00000000e0980000)
  from space 9728K, 99% used [0x00000000e1400000,0x00000000e1d7ca90,0x00000000e1d80000)
  to   space 10240K, 0% used [0x00000000e0980000,0x00000000e0980000,0x00000000e1380000)
 ParOldGen       total 97792K, used 17262K [0x0000000082400000, 0x0000000088380000, 0x00000000d6180000)
  object space 97792K, 17% used [0x0000000082400000,0x00000000834dbb68,0x0000000088380000)
 Metaspace       used 50418K, capacity 52924K, committed 53168K, reserved 1095680K
  class space    used 6323K, capacity 6765K, committed 6832K, reserved 1048576K
Event: 12.094 GC heap after
Heap after GC invocations=19 (full 2):
 PSYoungGen      total 182272K, used 10220K [0x00000000d6180000, 0x00000000e1d80000, 0x0000000100000000)
  eden space 172032K, 0% used [0x00000000d6180000,0x00000000d6180000,0x00000000e0980000)
  from space 10240K, 99% used [0x00000000e0980000,0x00000000e137b2e8,0x00000000e1380000)
  to   space 9728K, 0% used [0x00000000e1400000,0x00000000e1400000,0x00000000e1d80000)
 ParOldGen       total 97792K, used 19585K [0x0000000082400000, 0x0000000088380000, 0x00000000d6180000)
  object space 97792K, 20% used [0x0000000082400000,0x0000000083720548,0x0000000088380000)
 Metaspace       used 50418K, capacity 52924K, committed 53168K, reserved 1095680K
  class space    used 6323K, capacity 6765K, committed 6832K, reserved 1048576K
}
Event: 12.951 GC heap before
{Heap before GC invocations=20 (full 2):
 PSYoungGen      total 182272K, used 182252K [0x00000000d6180000, 0x00000000e1d80000, 0x0000000100000000)
  eden space 172032K, 100% used [0x00000000d6180000,0x00000000e0980000,0x00000000e0980000)
  from space 10240K, 99% used [0x00000000e0980000,0x00000000e137b2e8,0x00000000e1380000)
  to   space 9728K, 0% used [0x00000000e1400000,0x00000000e1400000,0x00000000e1d80000)
 ParOldGen       total 97792K, used 19585K [0x0000000082400000, 0x0000000088380000, 0x00000000d6180000)
  object space 97792K, 20% used [0x0000000082400000,0x0000000083720548,0x0000000088380000)
 Metaspace       used 53337K, capacity 55928K, committed 56112K, reserved 1097728K
  class space    used 6651K, capacity 7107K, committed 7216K, reserved 1048576K
Event: 12.962 GC heap after
Heap after GC invocations=20 (full 2):
 PSYoungGen      total 181760K, used 9706K [0x00000000d6180000, 0x00000000e1d80000, 0x0000000100000000)
  eden space 172032K, 0% used [0x00000000d6180000,0x00000000d6180000,0x00000000e0980000)
  from space 9728K, 99% used [0x00000000e1400000,0x00000000e1d7ab08,0x00000000e1d80000)
  to   space 10240K, 0% used [0x00000000e0980000,0x00000000e0980000,0x00000000e1380000)
 ParOldGen       total 97792K, used 24000K [0x0000000082400000, 0x0000000088380000, 0x00000000d6180000)
  object space 97792K, 24% used [0x0000000082400000,0x0000000083b702c8,0x0000000088380000)
 Metaspace       used 53337K, capacity 55928K, committed 56112K, reserved 1097728K
  class space    used 6651K, capacity 7107K, committed 7216K, reserved 1048576K
}

